<?xml version="1.0" encoding="UTF-8"?>
<!-- Generated by org.testng.reporters.JUnitReportReporter -->
<testsuite hostname="DESKTOP-3FDN09L" failures="0" tests="1" name="mavenforjenkins.UITest" time="108.255" errors="0" timestamp="2023-05-21T07:25:27 GMT-07:00" skipped="0">
  <testcase classname="mavenforjenkins.UITest" name="startBrowser" time="108.255"/>
  <system-out/>
</testsuite> <!-- mavenforjenkins.UITest -->
